<?xml version="1.0" encoding="UTF-8"?>
<!-- Generated by org.testng.reporters.JUnitReportReporter -->
<testsuite skipped="0" hostname="Balajis-MBP.lan" name="getMethod.GetMethodTesting" tests="1" failures="0" timestamp="2023-01-18T16:57:09 CST" time="1.966" errors="0">
  <testcase name="getUserItems" time="1.966" classname="getMethod.GetMethodTesting"/>
  <system-out/>
</testsuite> <!-- getMethod.GetMethodTesting -->
