<?xml version="1.0" encoding="UTF-8"?>
<!-- Generated by org.testng.reporters.JUnitReportReporter -->
<testsuite skipped="0" hostname="Balajis-MBP.lan" name="postRequest.CheckPostMethod" tests="1" failures="0" timestamp="2023-01-18T17:41:16 CST" time="1.799" errors="0">
  <testcase name="test2" time="1.799" classname="postRequest.CheckPostMethod"/>
  <system-out/>
</testsuite> <!-- postRequest.CheckPostMethod -->
