<?xml version="1.0" encoding="UTF-8"?>
<!-- Generated by org.testng.reporters.JUnitReportReporter -->
<testsuite skipped="0" hostname="Balajis-MBP.lan" name="deleteMethod.CheckDeleteMethod" tests="1" failures="0" timestamp="2023-01-18T17:45:03 CST" time="3.161" errors="0">
  <testcase name="test1" time="3.161" classname="deleteMethod.CheckDeleteMethod"/>
  <system-out/>
</testsuite> <!-- deleteMethod.CheckDeleteMethod -->
